<?xml version="1.0" encoding="UTF-8"?>
<!-- Generated by org.testng.reporters.JUnitXMLReporter -->
<testsuite hostname="ASHWINI-PC" ignored="0" name="Test" tests="3" failures="1" timestamp="15 Mar 2020 05:05:51 GMT" time="19.72" errors="0">
  <testcase name="test01" time="0.508" classname="testcases.Logintest"/>
  <testcase name="f" time="0.001" classname="testcases.NewTest"/>
  <testcase name="test02" time="0.011" classname="testcases.NewTest">
    <failure type="java.lang.AssertionError" message="expected [JavaByKiran | Dashboard] but found [JavaByKiran | Log in]">
      <![CDATA[java.lang.AssertionError: expected [JavaByKiran | Dashboard] but found [JavaByKiran | Log in]
at testcases.NewTest.test02(NewTest.java:28)
... Removed 31 stack frames]]>
    </failure>
  </testcase> <!-- test02 -->
</testsuite> <!-- Test -->
