<?xml version="1.0" encoding="UTF-8"?>
<testsuite name="TestSuite" time="0.67" tests="3" errors="0" skipped="0" failures="1">
  <properties>
[...]
</properties>
  <testcase name="test01" classname="testcases.Logintest" time="0.549"/>
  <testcase name="f" classname="testcases.NewTest" time="0.001"/>
  <testcase name="test02" classname="testcases.NewTest" time="0.12">
    <failure message="expected [JavaByKiran | Dashboard] but found [JavaByKiran | Log in]" type="java.lang.AssertionError">java.lang.AssertionError: expected [JavaByKiran | Dashboard] but found [JavaByKiran | Log in]
	at org.testng.Assert.fail(Assert.java:96)
	at org.testng.Assert.failNotEquals(Assert.java:776)
	at org.testng.Assert.assertEqualsImpl(Assert.java:137)
	at org.testng.Assert.assertEquals(Assert.java:118)
	at org.testng.Assert.assertEquals(Assert.java:453)
	at org.testng.Assert.assertEquals(Assert.java:463)
	at testcases.NewTest.test02(NewTest.java:28)
</failure>
    <system-err><![CDATA[Starting ChromeDriver 80.0.3987.106 (f68069574609230cf9b635cd784cfb1bf81bb53a-refs/branch-heads/3987@{#882}) on port 16063
Only local connections are allowed.
Please protect ports used by ChromeDriver and related test frameworks to prevent access by malicious code.
Mar 15, 2020 10:43:10 AM org.openqa.selenium.remote.ProtocolHandshake createSession
INFO: Detected dialect: W3C
]]></system-err>
  </testcase>
</testsuite>